<?xml version="1.0" encoding="UTF-8"?>
<!-- Generated by org.testng.reporters.JUnitXMLReporter -->
<testsuite hostname="DESKTOP-9Q7J84O" ignored="0" name="Default test(failed)" tests="3" failures="0" timestamp="15 Dec 2019 12:22:39 GMT" time="8.545" errors="0">
  <testcase name="@BeforeClass launchApplication" time="6.623" classname="com.shyamala.test.driver.funtionaltests.BaseTest">
    <failure type="org.openqa.selenium.SessionNotCreatedException" message="session not created: This version of ChromeDriver only supports Chrome version 76
Build info: version: &amp;apos;3.141.59&amp;apos;, revision: &amp;apos;e82be7d358&amp;apos;, time: &amp;apos;2018-11-14T08:17:03&amp;apos;
System info: host: &amp;apos;DESKTOP-9Q7J84O&amp;apos;, ip: &amp;apos;172.20.10.2&amp;apos;, os.name: &amp;apos;Windows 10&amp;apos;, os.arch: &amp;apos;amd64&amp;apos;, os.version: &amp;apos;10.0&amp;apos;, java.version: &amp;apos;1.8.0_221&amp;apos;
Driver info: driver.version: ChromeDriver
remote stacktrace: Backtrace:
	Ordinal0 [0x00E67C53+1473619]
	Ordinal0 [0x00DEAD71+961905]
	Ordinal0 [0x00D742B3+475827]
	Ordinal0 [0x00D0F365+62309]
	Ordinal0 [0x00D0BC77+48247]
	Ordinal0 [0x00D29149+168265]
	Ordinal0 [0x00D28D1D+167197]
	Ordinal0 [0x00D2742B+160811]
	Ordinal0 [0x00D10AE6+68326]
	Ordinal0 [0x00D11BF0+72688]
	Ordinal0 [0x00D11B89+72585]
	Ordinal0 [0x00E04B37+1067831]
	GetHandleVerifier [0x00F06845+506677]
	GetHandleVerifier [0x00F065E0+506064]
	GetHandleVerifier [0x00F0D188+533624]
	GetHandleVerifier [0x00F0701A+508682]
	Ordinal0 [0x00DFC226+1032742]
	Ordinal0 [0x00DFC09F+1032351]
	Ordinal0 [0x00E06A4B+1075787]
	Ordinal0 [0x00E06BB3+1076147]
	Ordinal0 [0x00E05B65+1071973]
	BaseThreadInitThunk [0x754C0419+25]
	RtlGetAppContainerNamedObjectPath [0x77B7662D+237]
	RtlGetAppContainerNamedObjectPath [0x77B765FD+189]
">
      <![CDATA[org.openqa.selenium.SessionNotCreatedException: session not created: This version of ChromeDriver only supports Chrome version 76
Build info: version: '3.141.59', revision: 'e82be7d358', time: '2018-11-14T08:17:03'
System info: host: 'DESKTOP-9Q7J84O', ip: '172.20.10.2', os.name: 'Windows 10', os.arch: 'amd64', os.version: '10.0', java.version: '1.8.0_221'
Driver info: driver.version: ChromeDriver
remote stacktrace: Backtrace:
Ordinal0 [0x00E67C53+1473619]
Ordinal0 [0x00DEAD71+961905]
Ordinal0 [0x00D742B3+475827]
Ordinal0 [0x00D0F365+62309]
Ordinal0 [0x00D0BC77+48247]
Ordinal0 [0x00D29149+168265]
Ordinal0 [0x00D28D1D+167197]
Ordinal0 [0x00D2742B+160811]
Ordinal0 [0x00D10AE6+68326]
Ordinal0 [0x00D11BF0+72688]
Ordinal0 [0x00D11B89+72585]
Ordinal0 [0x00E04B37+1067831]
GetHandleVerifier [0x00F06845+506677]
GetHandleVerifier [0x00F065E0+506064]
GetHandleVerifier [0x00F0D188+533624]
GetHandleVerifier [0x00F0701A+508682]
Ordinal0 [0x00DFC226+1032742]
Ordinal0 [0x00DFC09F+1032351]
Ordinal0 [0x00E06A4B+1075787]
Ordinal0 [0x00E06BB3+1076147]
Ordinal0 [0x00E05B65+1071973]
BaseThreadInitThunk [0x754C0419+25]
RtlGetAppContainerNamedObjectPath [0x77B7662D+237]
RtlGetAppContainerNamedObjectPath [0x77B765FD+189]

at org.openqa.selenium.remote.W3CHandshakeResponse.lambda$errorHandler$0(W3CHandshakeResponse.java:62)
at org.openqa.selenium.remote.HandshakeResponse.lambda$getResponseFunction$0(HandshakeResponse.java:30)
at org.openqa.selenium.remote.ProtocolHandshake.lambda$createSession$0(ProtocolHandshake.java:126)
at java.util.stream.ReferencePipeline$3$1.accept(Unknown Source)
at java.util.Spliterators$ArraySpliterator.tryAdvance(Unknown Source)
at java.util.stream.ReferencePipeline.forEachWithCancel(Unknown Source)
at java.util.stream.AbstractPipeline.copyIntoWithCancel(Unknown Source)
at java.util.stream.AbstractPipeline.copyInto(Unknown Source)
at java.util.stream.AbstractPipeline.wrapAndCopyInto(Unknown Source)
at java.util.stream.FindOps$FindOp.evaluateSequential(Unknown Source)
at java.util.stream.AbstractPipeline.evaluate(Unknown Source)
at java.util.stream.ReferencePipeline.findFirst(Unknown Source)
at org.openqa.selenium.remote.ProtocolHandshake.createSession(ProtocolHandshake.java:128)
at org.openqa.selenium.remote.ProtocolHandshake.createSession(ProtocolHandshake.java:74)
at org.openqa.selenium.remote.HttpCommandExecutor.execute(HttpCommandExecutor.java:136)
at org.openqa.selenium.remote.service.DriverCommandExecutor.execute(DriverCommandExecutor.java:83)
at org.openqa.selenium.remote.RemoteWebDriver.execute(RemoteWebDriver.java:552)
at org.openqa.selenium.remote.RemoteWebDriver.startSession(RemoteWebDriver.java:213)
at org.openqa.selenium.remote.RemoteWebDriver.<init>(RemoteWebDriver.java:131)
at org.openqa.selenium.chrome.ChromeDriver.<init>(ChromeDriver.java:181)
at org.openqa.selenium.chrome.ChromeDriver.<init>(ChromeDriver.java:168)
at org.openqa.selenium.chrome.ChromeDriver.<init>(ChromeDriver.java:123)
at com.shyamala.test.driver.funtionaltests.BaseTest.launchApplication(BaseTest.java:27)
... Removed 30 stack frames]]>
    </failure>
  </testcase> <!-- @BeforeClass launchApplication -->
  <testcase name="@BeforeMethod loginPage" time="0.0" classname="com.shyamala.test.driver.funtionaltests.BaseTest">
    <skipped/>
  </testcase> <!-- @BeforeMethod loginPage -->
  <testcase name="@AfterMethod logoutApplication" time="0.0" classname="com.shyamala.test.driver.funtionaltests.BaseTest">
    <skipped/>
  </testcase> <!-- @AfterMethod logoutApplication -->
  <testcase name="@BeforeMethod loginPage" time="0.0" classname="com.shyamala.test.driver.funtionaltests.BaseTest">
    <skipped/>
  </testcase> <!-- @BeforeMethod loginPage -->
  <testcase name="@AfterMethod logoutApplication" time="0.0" classname="com.shyamala.test.driver.funtionaltests.BaseTest">
    <skipped/>
  </testcase> <!-- @AfterMethod logoutApplication -->
  <testcase name="@BeforeMethod loginPage" time="0.0" classname="com.shyamala.test.driver.funtionaltests.BaseTest">
    <skipped/>
  </testcase> <!-- @BeforeMethod loginPage -->
  <testcase name="@AfterMethod logoutApplication" time="0.0" classname="com.shyamala.test.driver.funtionaltests.BaseTest">
    <skipped/>
  </testcase> <!-- @AfterMethod logoutApplication -->
  <testcase name="@AfterClass exitBrowser" time="0.0" classname="com.shyamala.test.driver.funtionaltests.BaseTest">
    <skipped/>
  </testcase> <!-- @AfterClass exitBrowser -->
  <testcase name="CompendiumHome" time="0.0" classname="com.shyamala.test.webdriver.basetest.TestCompendium">
    <skipped/>
  </testcase> <!-- CompendiumHome -->
  <testcase name="CompendiumHome" time="0.0" classname="com.shyamala.test.webdriver.basetest.TestCompendium">
    <skipped/>
  </testcase> <!-- CompendiumHome -->
  <testcase name="CompendiumHome" time="0.0" classname="com.shyamala.test.webdriver.basetest.TestCompendium">
    <skipped/>
  </testcase> <!-- CompendiumHome -->
</testsuite> <!-- Default test(failed) -->
