<?xml version="1.0" encoding="UTF-8"?>
<!-- Generated by org.testng.reporters.JUnitXMLReporter -->
<testsuite hostname="DESKTOP-9Q7J84O" ignored="0" name="Default test" tests="3" failures="0" timestamp="25 Nov 2019 17:42:55 GMT" time="5.571" errors="0">
  <testcase name="@BeforeClass launchApplication" time="4.524" classname="com.shyamala.test.driver.funtionaltests.BaseTest">
    <failure type="org.openqa.selenium.SessionNotCreatedException" message="session not created: This version of ChromeDriver only supports Chrome version 76
Build info: version: &amp;apos;3.141.59&amp;apos;, revision: &amp;apos;e82be7d358&amp;apos;, time: &amp;apos;2018-11-14T08:17:03&amp;apos;
System info: host: &amp;apos;DESKTOP-9Q7J84O&amp;apos;, ip: &amp;apos;172.20.10.2&amp;apos;, os.name: &amp;apos;Windows 10&amp;apos;, os.arch: &amp;apos;amd64&amp;apos;, os.version: &amp;apos;10.0&amp;apos;, java.version: &amp;apos;1.8.0_221&amp;apos;
Driver info: driver.version: ChromeDriver
remote stacktrace: Backtrace:
	Ordinal0 [0x00197C53+1473619]
	Ordinal0 [0x0011AD71+961905]
	Ordinal0 [0x000A42B3+475827]
	Ordinal0 [0x0003F365+62309]
	Ordinal0 [0x0003BC77+48247]
	Ordinal0 [0x00059149+168265]
	Ordinal0 [0x00058D1D+167197]
	Ordinal0 [0x0005742B+160811]
	Ordinal0 [0x00040AE6+68326]
	Ordinal0 [0x00041BF0+72688]
	Ordinal0 [0x00041B89+72585]
	Ordinal0 [0x00134B37+1067831]
	GetHandleVerifier [0x00236845+506677]
	GetHandleVerifier [0x002365E0+506064]
	GetHandleVerifier [0x0023D188+533624]
	GetHandleVerifier [0x0023701A+508682]
	Ordinal0 [0x0012C226+1032742]
	Ordinal0 [0x0012C09F+1032351]
	Ordinal0 [0x00136A4B+1075787]
	Ordinal0 [0x00136BB3+1076147]
	Ordinal0 [0x00135B65+1071973]
	BaseThreadInitThunk [0x75E50419+25]
	RtlGetAppContainerNamedObjectPath [0x773C662D+237]
	RtlGetAppContainerNamedObjectPath [0x773C65FD+189]
	(No symbol) [0x00000000]
">
      <![CDATA[org.openqa.selenium.SessionNotCreatedException: session not created: This version of ChromeDriver only supports Chrome version 76
Build info: version: '3.141.59', revision: 'e82be7d358', time: '2018-11-14T08:17:03'
System info: host: 'DESKTOP-9Q7J84O', ip: '172.20.10.2', os.name: 'Windows 10', os.arch: 'amd64', os.version: '10.0', java.version: '1.8.0_221'
Driver info: driver.version: ChromeDriver
remote stacktrace: Backtrace:
Ordinal0 [0x00197C53+1473619]
Ordinal0 [0x0011AD71+961905]
Ordinal0 [0x000A42B3+475827]
Ordinal0 [0x0003F365+62309]
Ordinal0 [0x0003BC77+48247]
Ordinal0 [0x00059149+168265]
Ordinal0 [0x00058D1D+167197]
Ordinal0 [0x0005742B+160811]
Ordinal0 [0x00040AE6+68326]
Ordinal0 [0x00041BF0+72688]
Ordinal0 [0x00041B89+72585]
Ordinal0 [0x00134B37+1067831]
GetHandleVerifier [0x00236845+506677]
GetHandleVerifier [0x002365E0+506064]
GetHandleVerifier [0x0023D188+533624]
GetHandleVerifier [0x0023701A+508682]
Ordinal0 [0x0012C226+1032742]
Ordinal0 [0x0012C09F+1032351]
Ordinal0 [0x00136A4B+1075787]
Ordinal0 [0x00136BB3+1076147]
Ordinal0 [0x00135B65+1071973]
BaseThreadInitThunk [0x75E50419+25]
RtlGetAppContainerNamedObjectPath [0x773C662D+237]
RtlGetAppContainerNamedObjectPath [0x773C65FD+189]
(No symbol) [0x00000000]

at sun.reflect.NativeConstructorAccessorImpl.newInstance0(Native Method)
at sun.reflect.NativeConstructorAccessorImpl.newInstance(Unknown Source)
at sun.reflect.DelegatingConstructorAccessorImpl.newInstance(Unknown Source)
at java.lang.reflect.Constructor.newInstance(Unknown Source)
at org.openqa.selenium.remote.W3CHandshakeResponse.lambda$errorHandler$0(W3CHandshakeResponse.java:62)
at org.openqa.selenium.remote.HandshakeResponse.lambda$getResponseFunction$0(HandshakeResponse.java:30)
at org.openqa.selenium.remote.ProtocolHandshake.lambda$createSession$0(ProtocolHandshake.java:126)
at java.util.stream.ReferencePipeline$3$1.accept(Unknown Source)
at java.util.Spliterators$ArraySpliterator.tryAdvance(Unknown Source)
at java.util.stream.ReferencePipeline.forEachWithCancel(Unknown Source)
at java.util.stream.AbstractPipeline.copyIntoWithCancel(Unknown Source)
at java.util.stream.AbstractPipeline.copyInto(Unknown Source)
at java.util.stream.AbstractPipeline.wrapAndCopyInto(Unknown Source)
at java.util.stream.FindOps$FindOp.evaluateSequential(Unknown Source)
at java.util.stream.AbstractPipeline.evaluate(Unknown Source)
at java.util.stream.ReferencePipeline.findFirst(Unknown Source)
at org.openqa.selenium.remote.ProtocolHandshake.createSession(ProtocolHandshake.java:128)
at org.openqa.selenium.remote.ProtocolHandshake.createSession(ProtocolHandshake.java:74)
at org.openqa.selenium.remote.HttpCommandExecutor.execute(HttpCommandExecutor.java:136)
at org.openqa.selenium.remote.service.DriverCommandExecutor.execute(DriverCommandExecutor.java:83)
at org.openqa.selenium.remote.RemoteWebDriver.execute(RemoteWebDriver.java:552)
at org.openqa.selenium.remote.RemoteWebDriver.startSession(RemoteWebDriver.java:213)
at org.openqa.selenium.remote.RemoteWebDriver.<init>(RemoteWebDriver.java:131)
at org.openqa.selenium.chrome.ChromeDriver.<init>(ChromeDriver.java:181)
at org.openqa.selenium.chrome.ChromeDriver.<init>(ChromeDriver.java:168)
at org.openqa.selenium.chrome.ChromeDriver.<init>(ChromeDriver.java:123)
at com.shyamala.test.driver.funtionaltests.BaseTest.launchApplication(BaseTest.java:27)
at sun.reflect.NativeMethodAccessorImpl.invoke0(Native Method)
at sun.reflect.NativeMethodAccessorImpl.invoke(Unknown Source)
at sun.reflect.DelegatingMethodAccessorImpl.invoke(Unknown Source)
at java.lang.reflect.Method.invoke(Unknown Source)
at org.testng.internal.MethodInvocationHelper.invokeMethod(MethodInvocationHelper.java:124)
at org.testng.internal.MethodInvocationHelper.invokeMethodConsideringTimeout(MethodInvocationHelper.java:59)
at org.testng.internal.Invoker.invokeConfigurationMethod(Invoker.java:458)
at org.testng.internal.Invoker.invokeConfigurations(Invoker.java:222)
at org.testng.internal.Invoker.invokeConfigurations(Invoker.java:142)
at org.testng.internal.TestMethodWorker.invokeBeforeClassMethods(TestMethodWorker.java:168)
at org.testng.internal.TestMethodWorker.run(TestMethodWorker.java:105)
at org.testng.TestRunner.privateRun(TestRunner.java:648)
at org.testng.TestRunner.run(TestRunner.java:505)
at org.testng.SuiteRunner.runTest(SuiteRunner.java:455)
at org.testng.SuiteRunner.runSequentially(SuiteRunner.java:450)
at org.testng.SuiteRunner.privateRun(SuiteRunner.java:415)
at org.testng.SuiteRunner.run(SuiteRunner.java:364)
at org.testng.SuiteRunnerWorker.runSuite(SuiteRunnerWorker.java:52)
at org.testng.SuiteRunnerWorker.run(SuiteRunnerWorker.java:84)
at org.testng.TestNG.runSuitesSequentially(TestNG.java:1208)
at org.testng.TestNG.runSuitesLocally(TestNG.java:1137)
at org.testng.TestNG.runSuites(TestNG.java:1049)
at org.testng.TestNG.run(TestNG.java:1017)
at org.testng.remote.AbstractRemoteTestNG.run(AbstractRemoteTestNG.java:115)
at org.testng.remote.RemoteTestNG.initAndRun(RemoteTestNG.java:251)
at org.testng.remote.RemoteTestNG.main(RemoteTestNG.java:77)
]]>
    </failure>
  </testcase> <!-- @BeforeClass launchApplication -->
  <testcase name="@BeforeMethod loginPage" time="0.0" classname="com.shyamala.test.driver.funtionaltests.BaseTest">
    <skipped/>
  </testcase> <!-- @BeforeMethod loginPage -->
  <testcase name="@AfterMethod logoutApplication" time="0.0" classname="com.shyamala.test.driver.funtionaltests.BaseTest">
    <skipped/>
  </testcase> <!-- @AfterMethod logoutApplication -->
  <testcase name="@BeforeMethod loginPage" time="0.0" classname="com.shyamala.test.driver.funtionaltests.BaseTest">
    <skipped/>
  </testcase> <!-- @BeforeMethod loginPage -->
  <testcase name="@AfterMethod logoutApplication" time="0.0" classname="com.shyamala.test.driver.funtionaltests.BaseTest">
    <skipped/>
  </testcase> <!-- @AfterMethod logoutApplication -->
  <testcase name="@BeforeMethod loginPage" time="0.0" classname="com.shyamala.test.driver.funtionaltests.BaseTest">
    <skipped/>
  </testcase> <!-- @BeforeMethod loginPage -->
  <testcase name="@AfterMethod logoutApplication" time="0.0" classname="com.shyamala.test.driver.funtionaltests.BaseTest">
    <skipped/>
  </testcase> <!-- @AfterMethod logoutApplication -->
  <testcase name="@AfterClass exitBrowser" time="0.0" classname="com.shyamala.test.driver.funtionaltests.BaseTest">
    <skipped/>
  </testcase> <!-- @AfterClass exitBrowser -->
  <testcase name="CompendiumHome" time="0.0" classname="com.shyamala.test.webdriver.basetest.TestCompendium">
    <skipped/>
  </testcase> <!-- CompendiumHome -->
  <testcase name="CompendiumHome" time="0.0" classname="com.shyamala.test.webdriver.basetest.TestCompendium">
    <skipped/>
  </testcase> <!-- CompendiumHome -->
  <testcase name="CompendiumHome" time="0.0" classname="com.shyamala.test.webdriver.basetest.TestCompendium">
    <skipped/>
  </testcase> <!-- CompendiumHome -->
</testsuite> <!-- Default test -->
