<?xml version="1.0" encoding="UTF-8"?>
<testng-results skipped="3" failed="0" ignored="0" total="3" passed="0">
  <reporter-output>
  </reporter-output>
  <suite name="Failed suite [Default suite]" duration-ms="8545" started-at="2019-12-15T12:22:30Z" finished-at="2019-12-15T12:22:38Z">
    <groups>
    </groups>
    <test name="Default test(failed)" duration-ms="8545" started-at="2019-12-15T12:22:30Z" finished-at="2019-12-15T12:22:38Z">
      <class name="com.shyamala.test.webdriver.basetest.TestCompendium">
        <test-method status="FAIL" signature="launchApplication()[pri:0, instance:com.shyamala.test.webdriver.basetest.TestCompendium@2aece37d]" name="launchApplication" is-config="true" duration-ms="6623" started-at="2019-12-15T12:22:30Z" finished-at="2019-12-15T12:22:37Z">
          <exception class="org.openqa.selenium.SessionNotCreatedException">
            <message>
              <![CDATA[session not created: This version of ChromeDriver only supports Chrome version 76
Build info: version: '3.141.59', revision: 'e82be7d358', time: '2018-11-14T08:17:03'
System info: host: 'DESKTOP-9Q7J84O', ip: '172.20.10.2', os.name: 'Windows 10', os.arch: 'amd64', os.version: '10.0', java.version: '1.8.0_221'
Driver info: driver.version: ChromeDriver
remote stacktrace: Backtrace:
Ordinal0 [0x00E67C53+1473619]
Ordinal0 [0x00DEAD71+961905]
Ordinal0 [0x00D742B3+475827]
Ordinal0 [0x00D0F365+62309]
Ordinal0 [0x00D0BC77+48247]
Ordinal0 [0x00D29149+168265]
Ordinal0 [0x00D28D1D+167197]
Ordinal0 [0x00D2742B+160811]
Ordinal0 [0x00D10AE6+68326]
Ordinal0 [0x00D11BF0+72688]
Ordinal0 [0x00D11B89+72585]
Ordinal0 [0x00E04B37+1067831]
GetHandleVerifier [0x00F06845+506677]
GetHandleVerifier [0x00F065E0+506064]
GetHandleVerifier [0x00F0D188+533624]
GetHandleVerifier [0x00F0701A+508682]
Ordinal0 [0x00DFC226+1032742]
Ordinal0 [0x00DFC09F+1032351]
Ordinal0 [0x00E06A4B+1075787]
Ordinal0 [0x00E06BB3+1076147]
Ordinal0 [0x00E05B65+1071973]
BaseThreadInitThunk [0x754C0419+25]
RtlGetAppContainerNamedObjectPath [0x77B7662D+237]
RtlGetAppContainerNamedObjectPath [0x77B765FD+189]
]]>
            </message>
            <full-stacktrace>
              <![CDATA[org.openqa.selenium.SessionNotCreatedException: session not created: This version of ChromeDriver only supports Chrome version 76
Build info: version: '3.141.59', revision: 'e82be7d358', time: '2018-11-14T08:17:03'
System info: host: 'DESKTOP-9Q7J84O', ip: '172.20.10.2', os.name: 'Windows 10', os.arch: 'amd64', os.version: '10.0', java.version: '1.8.0_221'
Driver info: driver.version: ChromeDriver
remote stacktrace: Backtrace:
Ordinal0 [0x00E67C53+1473619]
Ordinal0 [0x00DEAD71+961905]
Ordinal0 [0x00D742B3+475827]
Ordinal0 [0x00D0F365+62309]
Ordinal0 [0x00D0BC77+48247]
Ordinal0 [0x00D29149+168265]
Ordinal0 [0x00D28D1D+167197]
Ordinal0 [0x00D2742B+160811]
Ordinal0 [0x00D10AE6+68326]
Ordinal0 [0x00D11BF0+72688]
Ordinal0 [0x00D11B89+72585]
Ordinal0 [0x00E04B37+1067831]
GetHandleVerifier [0x00F06845+506677]
GetHandleVerifier [0x00F065E0+506064]
GetHandleVerifier [0x00F0D188+533624]
GetHandleVerifier [0x00F0701A+508682]
Ordinal0 [0x00DFC226+1032742]
Ordinal0 [0x00DFC09F+1032351]
Ordinal0 [0x00E06A4B+1075787]
Ordinal0 [0x00E06BB3+1076147]
Ordinal0 [0x00E05B65+1071973]
BaseThreadInitThunk [0x754C0419+25]
RtlGetAppContainerNamedObjectPath [0x77B7662D+237]
RtlGetAppContainerNamedObjectPath [0x77B765FD+189]

at sun.reflect.NativeConstructorAccessorImpl.newInstance0(Native Method)
at sun.reflect.NativeConstructorAccessorImpl.newInstance(Unknown Source)
at sun.reflect.DelegatingConstructorAccessorImpl.newInstance(Unknown Source)
at java.lang.reflect.Constructor.newInstance(Unknown Source)
at org.openqa.selenium.remote.W3CHandshakeResponse.lambda$errorHandler$0(W3CHandshakeResponse.java:62)
at org.openqa.selenium.remote.HandshakeResponse.lambda$getResponseFunction$0(HandshakeResponse.java:30)
at org.openqa.selenium.remote.ProtocolHandshake.lambda$createSession$0(ProtocolHandshake.java:126)
at java.util.stream.ReferencePipeline$3$1.accept(Unknown Source)
at java.util.Spliterators$ArraySpliterator.tryAdvance(Unknown Source)
at java.util.stream.ReferencePipeline.forEachWithCancel(Unknown Source)
at java.util.stream.AbstractPipeline.copyIntoWithCancel(Unknown Source)
at java.util.stream.AbstractPipeline.copyInto(Unknown Source)
at java.util.stream.AbstractPipeline.wrapAndCopyInto(Unknown Source)
at java.util.stream.FindOps$FindOp.evaluateSequential(Unknown Source)
at java.util.stream.AbstractPipeline.evaluate(Unknown Source)
at java.util.stream.ReferencePipeline.findFirst(Unknown Source)
at org.openqa.selenium.remote.ProtocolHandshake.createSession(ProtocolHandshake.java:128)
at org.openqa.selenium.remote.ProtocolHandshake.createSession(ProtocolHandshake.java:74)
at org.openqa.selenium.remote.HttpCommandExecutor.execute(HttpCommandExecutor.java:136)
at org.openqa.selenium.remote.service.DriverCommandExecutor.execute(DriverCommandExecutor.java:83)
at org.openqa.selenium.remote.RemoteWebDriver.execute(RemoteWebDriver.java:552)
at org.openqa.selenium.remote.RemoteWebDriver.startSession(RemoteWebDriver.java:213)
at org.openqa.selenium.remote.RemoteWebDriver.<init>(RemoteWebDriver.java:131)
at org.openqa.selenium.chrome.ChromeDriver.<init>(ChromeDriver.java:181)
at org.openqa.selenium.chrome.ChromeDriver.<init>(ChromeDriver.java:168)
at org.openqa.selenium.chrome.ChromeDriver.<init>(ChromeDriver.java:123)
at com.shyamala.test.driver.funtionaltests.BaseTest.launchApplication(BaseTest.java:27)
at sun.reflect.NativeMethodAccessorImpl.invoke0(Native Method)
at sun.reflect.NativeMethodAccessorImpl.invoke(Unknown Source)
at sun.reflect.DelegatingMethodAccessorImpl.invoke(Unknown Source)
at java.lang.reflect.Method.invoke(Unknown Source)
at org.testng.internal.MethodInvocationHelper.invokeMethod(MethodInvocationHelper.java:124)
at org.testng.internal.MethodInvocationHelper.invokeMethodConsideringTimeout(MethodInvocationHelper.java:59)
at org.testng.internal.Invoker.invokeConfigurationMethod(Invoker.java:458)
at org.testng.internal.Invoker.invokeConfigurations(Invoker.java:222)
at org.testng.internal.Invoker.invokeConfigurations(Invoker.java:142)
at org.testng.internal.TestMethodWorker.invokeBeforeClassMethods(TestMethodWorker.java:168)
at org.testng.internal.TestMethodWorker.run(TestMethodWorker.java:105)
at org.testng.TestRunner.privateRun(TestRunner.java:648)
at org.testng.TestRunner.run(TestRunner.java:505)
at org.testng.SuiteRunner.runTest(SuiteRunner.java:455)
at org.testng.SuiteRunner.runSequentially(SuiteRunner.java:450)
at org.testng.SuiteRunner.privateRun(SuiteRunner.java:415)
at org.testng.SuiteRunner.run(SuiteRunner.java:364)
at org.testng.SuiteRunnerWorker.runSuite(SuiteRunnerWorker.java:52)
at org.testng.SuiteRunnerWorker.run(SuiteRunnerWorker.java:84)
at org.testng.TestNG.runSuitesSequentially(TestNG.java:1208)
at org.testng.TestNG.runSuitesLocally(TestNG.java:1137)
at org.testng.TestNG.runSuites(TestNG.java:1049)
at org.testng.TestNG.run(TestNG.java:1017)
at org.testng.remote.AbstractRemoteTestNG.run(AbstractRemoteTestNG.java:115)
at org.testng.remote.RemoteTestNG.initAndRun(RemoteTestNG.java:251)
at org.testng.remote.RemoteTestNG.main(RemoteTestNG.java:77)
]]>
            </full-stacktrace>
          </exception> <!-- org.openqa.selenium.SessionNotCreatedException -->
          <reporter-output>
          </reporter-output>
        </test-method> <!-- launchApplication -->
        <test-method status="SKIP" signature="loginPage()[pri:0, instance:com.shyamala.test.webdriver.basetest.TestCompendium@2aece37d]" name="loginPage" is-config="true" duration-ms="0" started-at="2019-12-15T12:22:38Z" finished-at="2019-12-15T12:22:38Z">
          <reporter-output>
          </reporter-output>
        </test-method> <!-- loginPage -->
        <test-method status="SKIP" signature="CompendiumHome(java.lang.String, java.lang.String, java.lang.String, java.lang.String, java.lang.String)[pri:0, instance:com.shyamala.test.webdriver.basetest.TestCompendium@2aece37d]" name="CompendiumHome" duration-ms="0" started-at="2019-12-15T12:22:38Z" data-provider="InputData" finished-at="2019-12-15T12:22:38Z">
          <exception class="org.openqa.selenium.SessionNotCreatedException">
            <message>
              <![CDATA[session not created: This version of ChromeDriver only supports Chrome version 76
Build info: version: '3.141.59', revision: 'e82be7d358', time: '2018-11-14T08:17:03'
System info: host: 'DESKTOP-9Q7J84O', ip: '172.20.10.2', os.name: 'Windows 10', os.arch: 'amd64', os.version: '10.0', java.version: '1.8.0_221'
Driver info: driver.version: ChromeDriver
remote stacktrace: Backtrace:
Ordinal0 [0x00E67C53+1473619]
Ordinal0 [0x00DEAD71+961905]
Ordinal0 [0x00D742B3+475827]
Ordinal0 [0x00D0F365+62309]
Ordinal0 [0x00D0BC77+48247]
Ordinal0 [0x00D29149+168265]
Ordinal0 [0x00D28D1D+167197]
Ordinal0 [0x00D2742B+160811]
Ordinal0 [0x00D10AE6+68326]
Ordinal0 [0x00D11BF0+72688]
Ordinal0 [0x00D11B89+72585]
Ordinal0 [0x00E04B37+1067831]
GetHandleVerifier [0x00F06845+506677]
GetHandleVerifier [0x00F065E0+506064]
GetHandleVerifier [0x00F0D188+533624]
GetHandleVerifier [0x00F0701A+508682]
Ordinal0 [0x00DFC226+1032742]
Ordinal0 [0x00DFC09F+1032351]
Ordinal0 [0x00E06A4B+1075787]
Ordinal0 [0x00E06BB3+1076147]
Ordinal0 [0x00E05B65+1071973]
BaseThreadInitThunk [0x754C0419+25]
RtlGetAppContainerNamedObjectPath [0x77B7662D+237]
RtlGetAppContainerNamedObjectPath [0x77B765FD+189]
]]>
            </message>
            <full-stacktrace>
              <![CDATA[org.openqa.selenium.SessionNotCreatedException: session not created: This version of ChromeDriver only supports Chrome version 76
Build info: version: '3.141.59', revision: 'e82be7d358', time: '2018-11-14T08:17:03'
System info: host: 'DESKTOP-9Q7J84O', ip: '172.20.10.2', os.name: 'Windows 10', os.arch: 'amd64', os.version: '10.0', java.version: '1.8.0_221'
Driver info: driver.version: ChromeDriver
remote stacktrace: Backtrace:
Ordinal0 [0x00E67C53+1473619]
Ordinal0 [0x00DEAD71+961905]
Ordinal0 [0x00D742B3+475827]
Ordinal0 [0x00D0F365+62309]
Ordinal0 [0x00D0BC77+48247]
Ordinal0 [0x00D29149+168265]
Ordinal0 [0x00D28D1D+167197]
Ordinal0 [0x00D2742B+160811]
Ordinal0 [0x00D10AE6+68326]
Ordinal0 [0x00D11BF0+72688]
Ordinal0 [0x00D11B89+72585]
Ordinal0 [0x00E04B37+1067831]
GetHandleVerifier [0x00F06845+506677]
GetHandleVerifier [0x00F065E0+506064]
GetHandleVerifier [0x00F0D188+533624]
GetHandleVerifier [0x00F0701A+508682]
Ordinal0 [0x00DFC226+1032742]
Ordinal0 [0x00DFC09F+1032351]
Ordinal0 [0x00E06A4B+1075787]
Ordinal0 [0x00E06BB3+1076147]
Ordinal0 [0x00E05B65+1071973]
BaseThreadInitThunk [0x754C0419+25]
RtlGetAppContainerNamedObjectPath [0x77B7662D+237]
RtlGetAppContainerNamedObjectPath [0x77B765FD+189]

at sun.reflect.NativeConstructorAccessorImpl.newInstance0(Native Method)
at sun.reflect.NativeConstructorAccessorImpl.newInstance(Unknown Source)
at sun.reflect.DelegatingConstructorAccessorImpl.newInstance(Unknown Source)
at java.lang.reflect.Constructor.newInstance(Unknown Source)
at org.openqa.selenium.remote.W3CHandshakeResponse.lambda$errorHandler$0(W3CHandshakeResponse.java:62)
at org.openqa.selenium.remote.HandshakeResponse.lambda$getResponseFunction$0(HandshakeResponse.java:30)
at org.openqa.selenium.remote.ProtocolHandshake.lambda$createSession$0(ProtocolHandshake.java:126)
at java.util.stream.ReferencePipeline$3$1.accept(Unknown Source)
at java.util.Spliterators$ArraySpliterator.tryAdvance(Unknown Source)
at java.util.stream.ReferencePipeline.forEachWithCancel(Unknown Source)
at java.util.stream.AbstractPipeline.copyIntoWithCancel(Unknown Source)
at java.util.stream.AbstractPipeline.copyInto(Unknown Source)
at java.util.stream.AbstractPipeline.wrapAndCopyInto(Unknown Source)
at java.util.stream.FindOps$FindOp.evaluateSequential(Unknown Source)
at java.util.stream.AbstractPipeline.evaluate(Unknown Source)
at java.util.stream.ReferencePipeline.findFirst(Unknown Source)
at org.openqa.selenium.remote.ProtocolHandshake.createSession(ProtocolHandshake.java:128)
at org.openqa.selenium.remote.ProtocolHandshake.createSession(ProtocolHandshake.java:74)
at org.openqa.selenium.remote.HttpCommandExecutor.execute(HttpCommandExecutor.java:136)
at org.openqa.selenium.remote.service.DriverCommandExecutor.execute(DriverCommandExecutor.java:83)
at org.openqa.selenium.remote.RemoteWebDriver.execute(RemoteWebDriver.java:552)
at org.openqa.selenium.remote.RemoteWebDriver.startSession(RemoteWebDriver.java:213)
at org.openqa.selenium.remote.RemoteWebDriver.<init>(RemoteWebDriver.java:131)
at org.openqa.selenium.chrome.ChromeDriver.<init>(ChromeDriver.java:181)
at org.openqa.selenium.chrome.ChromeDriver.<init>(ChromeDriver.java:168)
at org.openqa.selenium.chrome.ChromeDriver.<init>(ChromeDriver.java:123)
at com.shyamala.test.driver.funtionaltests.BaseTest.launchApplication(BaseTest.java:27)
at sun.reflect.NativeMethodAccessorImpl.invoke0(Native Method)
at sun.reflect.NativeMethodAccessorImpl.invoke(Unknown Source)
at sun.reflect.DelegatingMethodAccessorImpl.invoke(Unknown Source)
at java.lang.reflect.Method.invoke(Unknown Source)
at org.testng.internal.MethodInvocationHelper.invokeMethod(MethodInvocationHelper.java:124)
at org.testng.internal.MethodInvocationHelper.invokeMethodConsideringTimeout(MethodInvocationHelper.java:59)
at org.testng.internal.Invoker.invokeConfigurationMethod(Invoker.java:458)
at org.testng.internal.Invoker.invokeConfigurations(Invoker.java:222)
at org.testng.internal.Invoker.invokeConfigurations(Invoker.java:142)
at org.testng.internal.TestMethodWorker.invokeBeforeClassMethods(TestMethodWorker.java:168)
at org.testng.internal.TestMethodWorker.run(TestMethodWorker.java:105)
at org.testng.TestRunner.privateRun(TestRunner.java:648)
at org.testng.TestRunner.run(TestRunner.java:505)
at org.testng.SuiteRunner.runTest(SuiteRunner.java:455)
at org.testng.SuiteRunner.runSequentially(SuiteRunner.java:450)
at org.testng.SuiteRunner.privateRun(SuiteRunner.java:415)
at org.testng.SuiteRunner.run(SuiteRunner.java:364)
at org.testng.SuiteRunnerWorker.runSuite(SuiteRunnerWorker.java:52)
at org.testng.SuiteRunnerWorker.run(SuiteRunnerWorker.java:84)
at org.testng.TestNG.runSuitesSequentially(TestNG.java:1208)
at org.testng.TestNG.runSuitesLocally(TestNG.java:1137)
at org.testng.TestNG.runSuites(TestNG.java:1049)
at org.testng.TestNG.run(TestNG.java:1017)
at org.testng.remote.AbstractRemoteTestNG.run(AbstractRemoteTestNG.java:115)
at org.testng.remote.RemoteTestNG.initAndRun(RemoteTestNG.java:251)
at org.testng.remote.RemoteTestNG.main(RemoteTestNG.java:77)
]]>
            </full-stacktrace>
          </exception> <!-- org.openqa.selenium.SessionNotCreatedException -->
          <reporter-output>
          </reporter-output>
        </test-method> <!-- CompendiumHome -->
        <test-method status="SKIP" signature="logoutApplication()[pri:0, instance:com.shyamala.test.webdriver.basetest.TestCompendium@2aece37d]" name="logoutApplication" is-config="true" duration-ms="0" started-at="2019-12-15T12:22:38Z" finished-at="2019-12-15T12:22:38Z">
          <reporter-output>
          </reporter-output>
        </test-method> <!-- logoutApplication -->
        <test-method status="SKIP" signature="loginPage()[pri:0, instance:com.shyamala.test.webdriver.basetest.TestCompendium@2aece37d]" name="loginPage" is-config="true" duration-ms="0" started-at="2019-12-15T12:22:38Z" finished-at="2019-12-15T12:22:38Z">
          <reporter-output>
          </reporter-output>
        </test-method> <!-- loginPage -->
        <test-method status="SKIP" signature="CompendiumHome(java.lang.String, java.lang.String, java.lang.String, java.lang.String, java.lang.String)[pri:0, instance:com.shyamala.test.webdriver.basetest.TestCompendium@2aece37d]" name="CompendiumHome" duration-ms="0" started-at="2019-12-15T12:22:38Z" data-provider="InputData" finished-at="2019-12-15T12:22:38Z">
          <exception class="org.openqa.selenium.SessionNotCreatedException">
            <message>
              <![CDATA[session not created: This version of ChromeDriver only supports Chrome version 76
Build info: version: '3.141.59', revision: 'e82be7d358', time: '2018-11-14T08:17:03'
System info: host: 'DESKTOP-9Q7J84O', ip: '172.20.10.2', os.name: 'Windows 10', os.arch: 'amd64', os.version: '10.0', java.version: '1.8.0_221'
Driver info: driver.version: ChromeDriver
remote stacktrace: Backtrace:
Ordinal0 [0x00E67C53+1473619]
Ordinal0 [0x00DEAD71+961905]
Ordinal0 [0x00D742B3+475827]
Ordinal0 [0x00D0F365+62309]
Ordinal0 [0x00D0BC77+48247]
Ordinal0 [0x00D29149+168265]
Ordinal0 [0x00D28D1D+167197]
Ordinal0 [0x00D2742B+160811]
Ordinal0 [0x00D10AE6+68326]
Ordinal0 [0x00D11BF0+72688]
Ordinal0 [0x00D11B89+72585]
Ordinal0 [0x00E04B37+1067831]
GetHandleVerifier [0x00F06845+506677]
GetHandleVerifier [0x00F065E0+506064]
GetHandleVerifier [0x00F0D188+533624]
GetHandleVerifier [0x00F0701A+508682]
Ordinal0 [0x00DFC226+1032742]
Ordinal0 [0x00DFC09F+1032351]
Ordinal0 [0x00E06A4B+1075787]
Ordinal0 [0x00E06BB3+1076147]
Ordinal0 [0x00E05B65+1071973]
BaseThreadInitThunk [0x754C0419+25]
RtlGetAppContainerNamedObjectPath [0x77B7662D+237]
RtlGetAppContainerNamedObjectPath [0x77B765FD+189]
]]>
            </message>
            <full-stacktrace>
              <![CDATA[org.openqa.selenium.SessionNotCreatedException: session not created: This version of ChromeDriver only supports Chrome version 76
Build info: version: '3.141.59', revision: 'e82be7d358', time: '2018-11-14T08:17:03'
System info: host: 'DESKTOP-9Q7J84O', ip: '172.20.10.2', os.name: 'Windows 10', os.arch: 'amd64', os.version: '10.0', java.version: '1.8.0_221'
Driver info: driver.version: ChromeDriver
remote stacktrace: Backtrace:
Ordinal0 [0x00E67C53+1473619]
Ordinal0 [0x00DEAD71+961905]
Ordinal0 [0x00D742B3+475827]
Ordinal0 [0x00D0F365+62309]
Ordinal0 [0x00D0BC77+48247]
Ordinal0 [0x00D29149+168265]
Ordinal0 [0x00D28D1D+167197]
Ordinal0 [0x00D2742B+160811]
Ordinal0 [0x00D10AE6+68326]
Ordinal0 [0x00D11BF0+72688]
Ordinal0 [0x00D11B89+72585]
Ordinal0 [0x00E04B37+1067831]
GetHandleVerifier [0x00F06845+506677]
GetHandleVerifier [0x00F065E0+506064]
GetHandleVerifier [0x00F0D188+533624]
GetHandleVerifier [0x00F0701A+508682]
Ordinal0 [0x00DFC226+1032742]
Ordinal0 [0x00DFC09F+1032351]
Ordinal0 [0x00E06A4B+1075787]
Ordinal0 [0x00E06BB3+1076147]
Ordinal0 [0x00E05B65+1071973]
BaseThreadInitThunk [0x754C0419+25]
RtlGetAppContainerNamedObjectPath [0x77B7662D+237]
RtlGetAppContainerNamedObjectPath [0x77B765FD+189]

at sun.reflect.NativeConstructorAccessorImpl.newInstance0(Native Method)
at sun.reflect.NativeConstructorAccessorImpl.newInstance(Unknown Source)
at sun.reflect.DelegatingConstructorAccessorImpl.newInstance(Unknown Source)
at java.lang.reflect.Constructor.newInstance(Unknown Source)
at org.openqa.selenium.remote.W3CHandshakeResponse.lambda$errorHandler$0(W3CHandshakeResponse.java:62)
at org.openqa.selenium.remote.HandshakeResponse.lambda$getResponseFunction$0(HandshakeResponse.java:30)
at org.openqa.selenium.remote.ProtocolHandshake.lambda$createSession$0(ProtocolHandshake.java:126)
at java.util.stream.ReferencePipeline$3$1.accept(Unknown Source)
at java.util.Spliterators$ArraySpliterator.tryAdvance(Unknown Source)
at java.util.stream.ReferencePipeline.forEachWithCancel(Unknown Source)
at java.util.stream.AbstractPipeline.copyIntoWithCancel(Unknown Source)
at java.util.stream.AbstractPipeline.copyInto(Unknown Source)
at java.util.stream.AbstractPipeline.wrapAndCopyInto(Unknown Source)
at java.util.stream.FindOps$FindOp.evaluateSequential(Unknown Source)
at java.util.stream.AbstractPipeline.evaluate(Unknown Source)
at java.util.stream.ReferencePipeline.findFirst(Unknown Source)
at org.openqa.selenium.remote.ProtocolHandshake.createSession(ProtocolHandshake.java:128)
at org.openqa.selenium.remote.ProtocolHandshake.createSession(ProtocolHandshake.java:74)
at org.openqa.selenium.remote.HttpCommandExecutor.execute(HttpCommandExecutor.java:136)
at org.openqa.selenium.remote.service.DriverCommandExecutor.execute(DriverCommandExecutor.java:83)
at org.openqa.selenium.remote.RemoteWebDriver.execute(RemoteWebDriver.java:552)
at org.openqa.selenium.remote.RemoteWebDriver.startSession(RemoteWebDriver.java:213)
at org.openqa.selenium.remote.RemoteWebDriver.<init>(RemoteWebDriver.java:131)
at org.openqa.selenium.chrome.ChromeDriver.<init>(ChromeDriver.java:181)
at org.openqa.selenium.chrome.ChromeDriver.<init>(ChromeDriver.java:168)
at org.openqa.selenium.chrome.ChromeDriver.<init>(ChromeDriver.java:123)
at com.shyamala.test.driver.funtionaltests.BaseTest.launchApplication(BaseTest.java:27)
at sun.reflect.NativeMethodAccessorImpl.invoke0(Native Method)
at sun.reflect.NativeMethodAccessorImpl.invoke(Unknown Source)
at sun.reflect.DelegatingMethodAccessorImpl.invoke(Unknown Source)
at java.lang.reflect.Method.invoke(Unknown Source)
at org.testng.internal.MethodInvocationHelper.invokeMethod(MethodInvocationHelper.java:124)
at org.testng.internal.MethodInvocationHelper.invokeMethodConsideringTimeout(MethodInvocationHelper.java:59)
at org.testng.internal.Invoker.invokeConfigurationMethod(Invoker.java:458)
at org.testng.internal.Invoker.invokeConfigurations(Invoker.java:222)
at org.testng.internal.Invoker.invokeConfigurations(Invoker.java:142)
at org.testng.internal.TestMethodWorker.invokeBeforeClassMethods(TestMethodWorker.java:168)
at org.testng.internal.TestMethodWorker.run(TestMethodWorker.java:105)
at org.testng.TestRunner.privateRun(TestRunner.java:648)
at org.testng.TestRunner.run(TestRunner.java:505)
at org.testng.SuiteRunner.runTest(SuiteRunner.java:455)
at org.testng.SuiteRunner.runSequentially(SuiteRunner.java:450)
at org.testng.SuiteRunner.privateRun(SuiteRunner.java:415)
at org.testng.SuiteRunner.run(SuiteRunner.java:364)
at org.testng.SuiteRunnerWorker.runSuite(SuiteRunnerWorker.java:52)
at org.testng.SuiteRunnerWorker.run(SuiteRunnerWorker.java:84)
at org.testng.TestNG.runSuitesSequentially(TestNG.java:1208)
at org.testng.TestNG.runSuitesLocally(TestNG.java:1137)
at org.testng.TestNG.runSuites(TestNG.java:1049)
at org.testng.TestNG.run(TestNG.java:1017)
at org.testng.remote.AbstractRemoteTestNG.run(AbstractRemoteTestNG.java:115)
at org.testng.remote.RemoteTestNG.initAndRun(RemoteTestNG.java:251)
at org.testng.remote.RemoteTestNG.main(RemoteTestNG.java:77)
]]>
            </full-stacktrace>
          </exception> <!-- org.openqa.selenium.SessionNotCreatedException -->
          <reporter-output>
          </reporter-output>
        </test-method> <!-- CompendiumHome -->
        <test-method status="SKIP" signature="logoutApplication()[pri:0, instance:com.shyamala.test.webdriver.basetest.TestCompendium@2aece37d]" name="logoutApplication" is-config="true" duration-ms="0" started-at="2019-12-15T12:22:38Z" finished-at="2019-12-15T12:22:38Z">
          <reporter-output>
          </reporter-output>
        </test-method> <!-- logoutApplication -->
        <test-method status="SKIP" signature="loginPage()[pri:0, instance:com.shyamala.test.webdriver.basetest.TestCompendium@2aece37d]" name="loginPage" is-config="true" duration-ms="0" started-at="2019-12-15T12:22:38Z" finished-at="2019-12-15T12:22:38Z">
          <reporter-output>
          </reporter-output>
        </test-method> <!-- loginPage -->
        <test-method status="SKIP" signature="CompendiumHome(java.lang.String, java.lang.String, java.lang.String, java.lang.String, java.lang.String)[pri:0, instance:com.shyamala.test.webdriver.basetest.TestCompendium@2aece37d]" name="CompendiumHome" duration-ms="0" started-at="2019-12-15T12:22:38Z" data-provider="InputData" finished-at="2019-12-15T12:22:38Z">
          <exception class="org.openqa.selenium.SessionNotCreatedException">
            <message>
              <![CDATA[session not created: This version of ChromeDriver only supports Chrome version 76
Build info: version: '3.141.59', revision: 'e82be7d358', time: '2018-11-14T08:17:03'
System info: host: 'DESKTOP-9Q7J84O', ip: '172.20.10.2', os.name: 'Windows 10', os.arch: 'amd64', os.version: '10.0', java.version: '1.8.0_221'
Driver info: driver.version: ChromeDriver
remote stacktrace: Backtrace:
Ordinal0 [0x00E67C53+1473619]
Ordinal0 [0x00DEAD71+961905]
Ordinal0 [0x00D742B3+475827]
Ordinal0 [0x00D0F365+62309]
Ordinal0 [0x00D0BC77+48247]
Ordinal0 [0x00D29149+168265]
Ordinal0 [0x00D28D1D+167197]
Ordinal0 [0x00D2742B+160811]
Ordinal0 [0x00D10AE6+68326]
Ordinal0 [0x00D11BF0+72688]
Ordinal0 [0x00D11B89+72585]
Ordinal0 [0x00E04B37+1067831]
GetHandleVerifier [0x00F06845+506677]
GetHandleVerifier [0x00F065E0+506064]
GetHandleVerifier [0x00F0D188+533624]
GetHandleVerifier [0x00F0701A+508682]
Ordinal0 [0x00DFC226+1032742]
Ordinal0 [0x00DFC09F+1032351]
Ordinal0 [0x00E06A4B+1075787]
Ordinal0 [0x00E06BB3+1076147]
Ordinal0 [0x00E05B65+1071973]
BaseThreadInitThunk [0x754C0419+25]
RtlGetAppContainerNamedObjectPath [0x77B7662D+237]
RtlGetAppContainerNamedObjectPath [0x77B765FD+189]
]]>
            </message>
            <full-stacktrace>
              <![CDATA[org.openqa.selenium.SessionNotCreatedException: session not created: This version of ChromeDriver only supports Chrome version 76
Build info: version: '3.141.59', revision: 'e82be7d358', time: '2018-11-14T08:17:03'
System info: host: 'DESKTOP-9Q7J84O', ip: '172.20.10.2', os.name: 'Windows 10', os.arch: 'amd64', os.version: '10.0', java.version: '1.8.0_221'
Driver info: driver.version: ChromeDriver
remote stacktrace: Backtrace:
Ordinal0 [0x00E67C53+1473619]
Ordinal0 [0x00DEAD71+961905]
Ordinal0 [0x00D742B3+475827]
Ordinal0 [0x00D0F365+62309]
Ordinal0 [0x00D0BC77+48247]
Ordinal0 [0x00D29149+168265]
Ordinal0 [0x00D28D1D+167197]
Ordinal0 [0x00D2742B+160811]
Ordinal0 [0x00D10AE6+68326]
Ordinal0 [0x00D11BF0+72688]
Ordinal0 [0x00D11B89+72585]
Ordinal0 [0x00E04B37+1067831]
GetHandleVerifier [0x00F06845+506677]
GetHandleVerifier [0x00F065E0+506064]
GetHandleVerifier [0x00F0D188+533624]
GetHandleVerifier [0x00F0701A+508682]
Ordinal0 [0x00DFC226+1032742]
Ordinal0 [0x00DFC09F+1032351]
Ordinal0 [0x00E06A4B+1075787]
Ordinal0 [0x00E06BB3+1076147]
Ordinal0 [0x00E05B65+1071973]
BaseThreadInitThunk [0x754C0419+25]
RtlGetAppContainerNamedObjectPath [0x77B7662D+237]
RtlGetAppContainerNamedObjectPath [0x77B765FD+189]

at sun.reflect.NativeConstructorAccessorImpl.newInstance0(Native Method)
at sun.reflect.NativeConstructorAccessorImpl.newInstance(Unknown Source)
at sun.reflect.DelegatingConstructorAccessorImpl.newInstance(Unknown Source)
at java.lang.reflect.Constructor.newInstance(Unknown Source)
at org.openqa.selenium.remote.W3CHandshakeResponse.lambda$errorHandler$0(W3CHandshakeResponse.java:62)
at org.openqa.selenium.remote.HandshakeResponse.lambda$getResponseFunction$0(HandshakeResponse.java:30)
at org.openqa.selenium.remote.ProtocolHandshake.lambda$createSession$0(ProtocolHandshake.java:126)
at java.util.stream.ReferencePipeline$3$1.accept(Unknown Source)
at java.util.Spliterators$ArraySpliterator.tryAdvance(Unknown Source)
at java.util.stream.ReferencePipeline.forEachWithCancel(Unknown Source)
at java.util.stream.AbstractPipeline.copyIntoWithCancel(Unknown Source)
at java.util.stream.AbstractPipeline.copyInto(Unknown Source)
at java.util.stream.AbstractPipeline.wrapAndCopyInto(Unknown Source)
at java.util.stream.FindOps$FindOp.evaluateSequential(Unknown Source)
at java.util.stream.AbstractPipeline.evaluate(Unknown Source)
at java.util.stream.ReferencePipeline.findFirst(Unknown Source)
at org.openqa.selenium.remote.ProtocolHandshake.createSession(ProtocolHandshake.java:128)
at org.openqa.selenium.remote.ProtocolHandshake.createSession(ProtocolHandshake.java:74)
at org.openqa.selenium.remote.HttpCommandExecutor.execute(HttpCommandExecutor.java:136)
at org.openqa.selenium.remote.service.DriverCommandExecutor.execute(DriverCommandExecutor.java:83)
at org.openqa.selenium.remote.RemoteWebDriver.execute(RemoteWebDriver.java:552)
at org.openqa.selenium.remote.RemoteWebDriver.startSession(RemoteWebDriver.java:213)
at org.openqa.selenium.remote.RemoteWebDriver.<init>(RemoteWebDriver.java:131)
at org.openqa.selenium.chrome.ChromeDriver.<init>(ChromeDriver.java:181)
at org.openqa.selenium.chrome.ChromeDriver.<init>(ChromeDriver.java:168)
at org.openqa.selenium.chrome.ChromeDriver.<init>(ChromeDriver.java:123)
at com.shyamala.test.driver.funtionaltests.BaseTest.launchApplication(BaseTest.java:27)
at sun.reflect.NativeMethodAccessorImpl.invoke0(Native Method)
at sun.reflect.NativeMethodAccessorImpl.invoke(Unknown Source)
at sun.reflect.DelegatingMethodAccessorImpl.invoke(Unknown Source)
at java.lang.reflect.Method.invoke(Unknown Source)
at org.testng.internal.MethodInvocationHelper.invokeMethod(MethodInvocationHelper.java:124)
at org.testng.internal.MethodInvocationHelper.invokeMethodConsideringTimeout(MethodInvocationHelper.java:59)
at org.testng.internal.Invoker.invokeConfigurationMethod(Invoker.java:458)
at org.testng.internal.Invoker.invokeConfigurations(Invoker.java:222)
at org.testng.internal.Invoker.invokeConfigurations(Invoker.java:142)
at org.testng.internal.TestMethodWorker.invokeBeforeClassMethods(TestMethodWorker.java:168)
at org.testng.internal.TestMethodWorker.run(TestMethodWorker.java:105)
at org.testng.TestRunner.privateRun(TestRunner.java:648)
at org.testng.TestRunner.run(TestRunner.java:505)
at org.testng.SuiteRunner.runTest(SuiteRunner.java:455)
at org.testng.SuiteRunner.runSequentially(SuiteRunner.java:450)
at org.testng.SuiteRunner.privateRun(SuiteRunner.java:415)
at org.testng.SuiteRunner.run(SuiteRunner.java:364)
at org.testng.SuiteRunnerWorker.runSuite(SuiteRunnerWorker.java:52)
at org.testng.SuiteRunnerWorker.run(SuiteRunnerWorker.java:84)
at org.testng.TestNG.runSuitesSequentially(TestNG.java:1208)
at org.testng.TestNG.runSuitesLocally(TestNG.java:1137)
at org.testng.TestNG.runSuites(TestNG.java:1049)
at org.testng.TestNG.run(TestNG.java:1017)
at org.testng.remote.AbstractRemoteTestNG.run(AbstractRemoteTestNG.java:115)
at org.testng.remote.RemoteTestNG.initAndRun(RemoteTestNG.java:251)
at org.testng.remote.RemoteTestNG.main(RemoteTestNG.java:77)
]]>
            </full-stacktrace>
          </exception> <!-- org.openqa.selenium.SessionNotCreatedException -->
          <reporter-output>
          </reporter-output>
        </test-method> <!-- CompendiumHome -->
        <test-method status="SKIP" signature="logoutApplication()[pri:0, instance:com.shyamala.test.webdriver.basetest.TestCompendium@2aece37d]" name="logoutApplication" is-config="true" duration-ms="0" started-at="2019-12-15T12:22:38Z" finished-at="2019-12-15T12:22:38Z">
          <reporter-output>
          </reporter-output>
        </test-method> <!-- logoutApplication -->
        <test-method status="SKIP" signature="exitBrowser()[pri:0, instance:com.shyamala.test.webdriver.basetest.TestCompendium@2aece37d]" name="exitBrowser" is-config="true" duration-ms="0" started-at="2019-12-15T12:22:38Z" finished-at="2019-12-15T12:22:38Z">
          <reporter-output>
          </reporter-output>
        </test-method> <!-- exitBrowser -->
      </class> <!-- com.shyamala.test.webdriver.basetest.TestCompendium -->
    </test> <!-- Default test(failed) -->
  </suite> <!-- Failed suite [Default suite] -->
</testng-results>
